<?xml version='1.0'?>
<ns2:test-suite xmlns:ns2='urn:model.allure.qatools.yandex.ru' start='1771371254392' stop='1771371260250'>
    <name>Products API:</name>
    <title>Products API:</title>
    <test-cases>
        <test-case start='1771371254394' status='passed' stop='1771371254466'>
            <name>Get all products and print titles with odd IDs</name>
            <title>Get all products and print titles with odd IDs</title>
            <labels>
                <label name='language' value='javascript'/>
                <label name='framework' value='codeceptjs'/>
            </labels>
            <parameters/>
            <steps/>
            <attachments/>
        </test-case>
        <test-case start='1771371254467' status='passed' stop='1771371254599'>
            <name>Create new product</name>
            <title>Create new product</title>
            <labels>
                <label name='language' value='javascript'/>
                <label name='framework' value='codeceptjs'/>
            </labels>
            <parameters/>
            <steps/>
            <attachments/>
        </test-case>
        <test-case start='1771371254600' status='passed' stop='1771371254852'>
            <name>Get and update third product</name>
            <title>Get and update third product</title>
            <labels>
                <label name='language' value='javascript'/>
                <label name='framework' value='codeceptjs'/>
            </labels>
            <parameters/>
            <steps/>
            <attachments/>
        </test-case>
        <test-case start='1771371254853' status='passed' stop='1771371254983'>
            <name>Get products with delay parameter {"delay":"0"}</name>
            <title>Get products with delay parameter {"delay":"0"}</title>
            <labels>
                <label name='language' value='javascript'/>
                <label name='framework' value='codeceptjs'/>
            </labels>
            <parameters/>
            <steps/>
            <attachments/>
        </test-case>
        <test-case start='1771371254983' status='failed' stop='1771371260125'>
            <name>Get products with delay parameter {"delay":"5000"}</name>
            <title>Get products with delay parameter {"delay":"5000"}</title>
            <labels>
                <label name='language' value='javascript'/>
                <label name='framework' value='codeceptjs'/>
            </labels>
            <parameters/>
            <steps/>
            <attachments/>
            <failure>
                <message>Expected response time to be less than or equal to 1000ms, but got 5138ms</message>
                <stack-trace>AssertionError [ERR_ASSERTION]: Expected response time to be less than or equal to 1000ms, but got 5138ms
                    at Actor.assertResponseTime (C:\DEV\automation-recruitment-task\APITest.DummyJSON\steps_file.ts:112:14)
                    at MetaStep.run (C:\DEV\automation-recruitment-task\APITest.DummyJSON\node_modules\codeceptjs\lib\step\meta.js:85:21)
                    at C:\DEV\automation-recruitment-task\APITest.DummyJSON\step_definitions\steps.ts:42:5
                    at runSteps (C:\DEV\automation-recruitment-task\APITest.DummyJSON\node_modules\codeceptjs\lib\mocha\gherkin.js:85:15)
                    at processTicksAndRejections (node:internal/process/task_queues:103:5)</stack-trace>
            </failure>
        </test-case>
        <test-case start='1771371260127' status='failed' stop='1771371260249'>
            <name>Get products with delay parameter {"delay":"6000"}</name>
            <title>Get products with delay parameter {"delay":"6000"}</title>
            <labels>
                <label name='language' value='javascript'/>
                <label name='framework' value='codeceptjs'/>
            </labels>
            <parameters/>
            <steps/>
            <attachments/>
            <failure>
                <message>Expected status 200 but got 400
                
                400 !== 200
                </message>
                <stack-trace>AssertionError [ERR_ASSERTION]: Expected status 200 but got 400
                
                400 !== 200
                
                    at Actor.assertResponseStatus (C:\DEV\automation-recruitment-task\APITest.DummyJSON\steps_file.ts:28:14)
                    at MetaStep.run (C:\DEV\automation-recruitment-task\APITest.DummyJSON\node_modules\codeceptjs\lib\step\meta.js:85:21)
                    at C:\DEV\automation-recruitment-task\APITest.DummyJSON\step_definitions\steps.ts:34:5
                    at runSteps (C:\DEV\automation-recruitment-task\APITest.DummyJSON\node_modules\codeceptjs\lib\mocha\gherkin.js:85:15)
                    at processTicksAndRejections (node:internal/process/task_queues:103:5)</stack-trace>
            </failure>
        </test-case>
    </test-cases>
</ns2:test-suite>